<?xml version="1.0" encoding="UTF-8"?>
<!-- Generated by org.testng.reporters.JUnitReportReporter -->
<testsuite hostname="DESKTOP-U9OHJGK" failures="0" tests="1" name="TestCases.MyQuoteTest" time="142.613" errors="0" timestamp="05 Feb 2020 10:57:08 GMT" skipped="0">
  <testcase classname="TestCases.MyQuoteTest" name="selectRole" time="142.613"/>
</testsuite> <!-- TestCases.MyQuoteTest -->
